cycle 0
$00: 0x00000000
$01: 0x00000000
$02: 0x00000000
$03: 0x00000000
$04: 0x00000000
$05: 0x00000000
$06: 0x00000000
$07: 0x00000000
$08: 0x00000000
$09: 0x00000000
$10: 0x00000000
$11: 0x00000000
$12: 0x00000000
$13: 0x00000000
$14: 0x00000000
$15: 0x00000000
$16: 0x00000000
$17: 0x00000000
$18: 0x00000000
$19: 0x00000000
$20: 0x00000000
$21: 0x00000000
$22: 0x00000000
$23: 0x00000000
$24: 0x00000000
$25: 0x00000000
$26: 0x00000000
$27: 0x00000000
$28: 0x00000000
$29: 0x00000400
$30: 0x00000000
$31: 0x00000000
$HI: 0x00000000
$LO: 0x00000000
PC: 0x00000000
IF: 0x23BDFFFC
ID: NOP
EX: NOP
DM: NOP
WB: NOP


cycle 1
PC: 0x00000004
IF: 0xAFBF0000
ID: ADDI
EX: NOP
DM: NOP
WB: NOP


cycle 2
PC: 0x00000008
IF: 0x22100080
ID: SW
EX: ADDI
DM: NOP
WB: NOP


cycle 3
PC: 0x0000000C
IF: 0x84110000
ID: ADDI
EX: SW fwd_EX-DM_rs_$29
DM: ADDI
WB: NOP


cycle 4
PC: 0x00000010
IF: 0x02000020
ID: LH
EX: ADDI
DM: SW
WB: ADDI


cycle 5
$29: 0x000003FC
PC: 0x00000014
IF: 0x02202820
ID: ADD
EX: LH
DM: ADDI
WB: SW


cycle 6
PC: 0x00000018
IF: 0x0211902A
ID: ADD
EX: ADD fwd_DM-WB_rs_$16
DM: LH
WB: ADDI


cycle 7
$16: 0x00000080
PC: 0x0000001C
IF: 0x16400006
ID: SLT
EX: ADD fwd_DM-WB_rs_$17
DM: ADD
WB: LH


cycle 8
$17: 0x00000010
PC: 0x00000020
IF: 0x02302822 to_be_stalled
ID: BNE to_be_stalled
EX: SLT
DM: ADD
WB: ADD


cycle 9
PC: 0x00000020
IF: 0x02302822
ID: BNE fwd_EX-DM_rs_$18
EX: NOP
DM: SLT
WB: ADD


cycle 10
$05: 0x00000010
PC: 0x00000024
IF: 0x80040002
ID: SUB
EX: BNE
DM: NOP
WB: SLT


cycle 11
PC: 0x00000028
IF: 0x0C000011
ID: LB
EX: SUB
DM: BNE
WB: NOP


cycle 12
PC: 0x0000002C
IF: 0x8FBF0000 to_be_flushed
ID: JAL
EX: LB
DM: SUB
WB: BNE


cycle 13
PC: 0x00000044
IF: 0x8C080004
ID: NOP
EX: JAL
DM: LB
WB: SUB


cycle 14
$05: 0xFFFFFF90
PC: 0x00000048
IF: 0x8C090008
ID: LW
EX: NOP
DM: JAL
WB: LB


cycle 15
$04: 0x00000008
PC: 0x0000004C
IF: 0x01099826
ID: LW
EX: LW
DM: NOP
WB: JAL


cycle 16
$31: 0x0000002C
PC: 0x00000050
IF: 0x23BDFFF8 to_be_stalled
ID: XOR to_be_stalled
EX: LW
DM: LW
WB: NOP


cycle 17
PC: 0x00000050
IF: 0x23BDFFF8
ID: XOR
EX: NOP
DM: LW
WB: LW


cycle 18
$08: 0x0000FFFD
PC: 0x00000054
IF: 0xAFBF0004
ID: ADDI
EX: XOR fwd_DM-WB_rt_$9
DM: NOP
WB: LW


cycle 19
$09: 0x0000FFFF
PC: 0x00000058
IF: 0xAFA40000
ID: SW
EX: ADDI
DM: XOR
WB: NOP


cycle 20
PC: 0x0000005C
IF: 0x14930003
ID: SW
EX: SW fwd_EX-DM_rs_$29
DM: ADDI
WB: XOR


cycle 21
$19: 0x00000002
PC: 0x00000060
IF: 0x00051082 to_be_flushed
ID: BNE
EX: SW fwd_DM-WB_rs_$29
DM: SW
WB: ADDI


cycle 22
$29: 0x000003F4
PC: 0x0000006C
IF: 0x2084FFFF
ID: NOP
EX: BNE
DM: SW
WB: SW


cycle 23
PC: 0x00000070
IF: 0x0C000011
ID: ADDI
EX: NOP
DM: BNE
WB: SW


cycle 24
PC: 0x00000074
IF: 0x8FA40000 to_be_flushed
ID: JAL
EX: ADDI
DM: NOP
WB: BNE


cycle 25
PC: 0x00000044
IF: 0x8C080004
ID: NOP
EX: JAL
DM: ADDI
WB: NOP


cycle 26
PC: 0x00000048
IF: 0x8C090008
ID: LW
EX: NOP
DM: JAL
WB: ADDI


cycle 27
$04: 0x00000007
PC: 0x0000004C
IF: 0x01099826
ID: LW
EX: LW
DM: NOP
WB: JAL


cycle 28
$31: 0x00000074
PC: 0x00000050
IF: 0x23BDFFF8 to_be_stalled
ID: XOR to_be_stalled
EX: LW
DM: LW
WB: NOP


cycle 29
PC: 0x00000050
IF: 0x23BDFFF8
ID: XOR
EX: NOP
DM: LW
WB: LW


cycle 30
PC: 0x00000054
IF: 0xAFBF0004
ID: ADDI
EX: XOR fwd_DM-WB_rt_$9
DM: NOP
WB: LW


cycle 31
PC: 0x00000058
IF: 0xAFA40000
ID: SW
EX: ADDI
DM: XOR
WB: NOP


cycle 32
PC: 0x0000005C
IF: 0x14930003
ID: SW
EX: SW fwd_EX-DM_rs_$29
DM: ADDI
WB: XOR


cycle 33
PC: 0x00000060
IF: 0x00051082 to_be_flushed
ID: BNE
EX: SW fwd_DM-WB_rs_$29
DM: SW
WB: ADDI


cycle 34
$29: 0x000003EC
PC: 0x0000006C
IF: 0x2084FFFF
ID: NOP
EX: BNE
DM: SW
WB: SW


cycle 35
PC: 0x00000070
IF: 0x0C000011
ID: ADDI
EX: NOP
DM: BNE
WB: SW


cycle 36
PC: 0x00000074
IF: 0x8FA40000 to_be_flushed
ID: JAL
EX: ADDI
DM: NOP
WB: BNE


cycle 37
PC: 0x00000044
IF: 0x8C080004
ID: NOP
EX: JAL
DM: ADDI
WB: NOP


cycle 38
PC: 0x00000048
IF: 0x8C090008
ID: LW
EX: NOP
DM: JAL
WB: ADDI


cycle 39
$04: 0x00000006
PC: 0x0000004C
IF: 0x01099826
ID: LW
EX: LW
DM: NOP
WB: JAL


cycle 40
PC: 0x00000050
IF: 0x23BDFFF8 to_be_stalled
ID: XOR to_be_stalled
EX: LW
DM: LW
WB: NOP


cycle 41
PC: 0x00000050
IF: 0x23BDFFF8
ID: XOR
EX: NOP
DM: LW
WB: LW


cycle 42
PC: 0x00000054
IF: 0xAFBF0004
ID: ADDI
EX: XOR fwd_DM-WB_rt_$9
DM: NOP
WB: LW


cycle 43
PC: 0x00000058
IF: 0xAFA40000
ID: SW
EX: ADDI
DM: XOR
WB: NOP


cycle 44
PC: 0x0000005C
IF: 0x14930003
ID: SW
EX: SW fwd_EX-DM_rs_$29
DM: ADDI
WB: XOR


cycle 45
PC: 0x00000060
IF: 0x00051082 to_be_flushed
ID: BNE
EX: SW fwd_DM-WB_rs_$29
DM: SW
WB: ADDI


cycle 46
$29: 0x000003E4
PC: 0x0000006C
IF: 0x2084FFFF
ID: NOP
EX: BNE
DM: SW
WB: SW


cycle 47
PC: 0x00000070
IF: 0x0C000011
ID: ADDI
EX: NOP
DM: BNE
WB: SW


cycle 48
PC: 0x00000074
IF: 0x8FA40000 to_be_flushed
ID: JAL
EX: ADDI
DM: NOP
WB: BNE


cycle 49
PC: 0x00000044
IF: 0x8C080004
ID: NOP
EX: JAL
DM: ADDI
WB: NOP


cycle 50
PC: 0x00000048
IF: 0x8C090008
ID: LW
EX: NOP
DM: JAL
WB: ADDI


cycle 51
$04: 0x00000005
PC: 0x0000004C
IF: 0x01099826
ID: LW
EX: LW
DM: NOP
WB: JAL


cycle 52
PC: 0x00000050
IF: 0x23BDFFF8 to_be_stalled
ID: XOR to_be_stalled
EX: LW
DM: LW
WB: NOP


cycle 53
PC: 0x00000050
IF: 0x23BDFFF8
ID: XOR
EX: NOP
DM: LW
WB: LW


cycle 54
PC: 0x00000054
IF: 0xAFBF0004
ID: ADDI
EX: XOR fwd_DM-WB_rt_$9
DM: NOP
WB: LW


cycle 55
PC: 0x00000058
IF: 0xAFA40000
ID: SW
EX: ADDI
DM: XOR
WB: NOP


cycle 56
PC: 0x0000005C
IF: 0x14930003
ID: SW
EX: SW fwd_EX-DM_rs_$29
DM: ADDI
WB: XOR


cycle 57
PC: 0x00000060
IF: 0x00051082 to_be_flushed
ID: BNE
EX: SW fwd_DM-WB_rs_$29
DM: SW
WB: ADDI


cycle 58
$29: 0x000003DC
PC: 0x0000006C
IF: 0x2084FFFF
ID: NOP
EX: BNE
DM: SW
WB: SW


cycle 59
PC: 0x00000070
IF: 0x0C000011
ID: ADDI
EX: NOP
DM: BNE
WB: SW


cycle 60
PC: 0x00000074
IF: 0x8FA40000 to_be_flushed
ID: JAL
EX: ADDI
DM: NOP
WB: BNE


cycle 61
PC: 0x00000044
IF: 0x8C080004
ID: NOP
EX: JAL
DM: ADDI
WB: NOP


cycle 62
PC: 0x00000048
IF: 0x8C090008
ID: LW
EX: NOP
DM: JAL
WB: ADDI


cycle 63
$04: 0x00000004
PC: 0x0000004C
IF: 0x01099826
ID: LW
EX: LW
DM: NOP
WB: JAL


cycle 64
PC: 0x00000050
IF: 0x23BDFFF8 to_be_stalled
ID: XOR to_be_stalled
EX: LW
DM: LW
WB: NOP


cycle 65
PC: 0x00000050
IF: 0x23BDFFF8
ID: XOR
EX: NOP
DM: LW
WB: LW


cycle 66
PC: 0x00000054
IF: 0xAFBF0004
ID: ADDI
EX: XOR fwd_DM-WB_rt_$9
DM: NOP
WB: LW


cycle 67
PC: 0x00000058
IF: 0xAFA40000
ID: SW
EX: ADDI
DM: XOR
WB: NOP


cycle 68
PC: 0x0000005C
IF: 0x14930003
ID: SW
EX: SW fwd_EX-DM_rs_$29
DM: ADDI
WB: XOR


cycle 69
PC: 0x00000060
IF: 0x00051082 to_be_flushed
ID: BNE
EX: SW fwd_DM-WB_rs_$29
DM: SW
WB: ADDI


cycle 70
$29: 0x000003D4
PC: 0x0000006C
IF: 0x2084FFFF
ID: NOP
EX: BNE
DM: SW
WB: SW


cycle 71
PC: 0x00000070
IF: 0x0C000011
ID: ADDI
EX: NOP
DM: BNE
WB: SW


cycle 72
PC: 0x00000074
IF: 0x8FA40000 to_be_flushed
ID: JAL
EX: ADDI
DM: NOP
WB: BNE


cycle 73
PC: 0x00000044
IF: 0x8C080004
ID: NOP
EX: JAL
DM: ADDI
WB: NOP


cycle 74
PC: 0x00000048
IF: 0x8C090008
ID: LW
EX: NOP
DM: JAL
WB: ADDI


cycle 75
$04: 0x00000003
PC: 0x0000004C
IF: 0x01099826
ID: LW
EX: LW
DM: NOP
WB: JAL


cycle 76
PC: 0x00000050
IF: 0x23BDFFF8 to_be_stalled
ID: XOR to_be_stalled
EX: LW
DM: LW
WB: NOP


cycle 77
PC: 0x00000050
IF: 0x23BDFFF8
ID: XOR
EX: NOP
DM: LW
WB: LW


cycle 78
PC: 0x00000054
IF: 0xAFBF0004
ID: ADDI
EX: XOR fwd_DM-WB_rt_$9
DM: NOP
WB: LW


cycle 79
PC: 0x00000058
IF: 0xAFA40000
ID: SW
EX: ADDI
DM: XOR
WB: NOP


cycle 80
PC: 0x0000005C
IF: 0x14930003
ID: SW
EX: SW fwd_EX-DM_rs_$29
DM: ADDI
WB: XOR


cycle 81
PC: 0x00000060
IF: 0x00051082 to_be_flushed
ID: BNE
EX: SW fwd_DM-WB_rs_$29
DM: SW
WB: ADDI


cycle 82
$29: 0x000003CC
PC: 0x0000006C
IF: 0x2084FFFF
ID: NOP
EX: BNE
DM: SW
WB: SW


cycle 83
PC: 0x00000070
IF: 0x0C000011
ID: ADDI
EX: NOP
DM: BNE
WB: SW


cycle 84
PC: 0x00000074
IF: 0x8FA40000 to_be_flushed
ID: JAL
EX: ADDI
DM: NOP
WB: BNE


cycle 85
PC: 0x00000044
IF: 0x8C080004
ID: NOP
EX: JAL
DM: ADDI
WB: NOP


cycle 86
PC: 0x00000048
IF: 0x8C090008
ID: LW
EX: NOP
DM: JAL
WB: ADDI


cycle 87
$04: 0x00000002
PC: 0x0000004C
IF: 0x01099826
ID: LW
EX: LW
DM: NOP
WB: JAL


cycle 88
PC: 0x00000050
IF: 0x23BDFFF8 to_be_stalled
ID: XOR to_be_stalled
EX: LW
DM: LW
WB: NOP


cycle 89
PC: 0x00000050
IF: 0x23BDFFF8
ID: XOR
EX: NOP
DM: LW
WB: LW


cycle 90
PC: 0x00000054
IF: 0xAFBF0004
ID: ADDI
EX: XOR fwd_DM-WB_rt_$9
DM: NOP
WB: LW


cycle 91
PC: 0x00000058
IF: 0xAFA40000
ID: SW
EX: ADDI
DM: XOR
WB: NOP


cycle 92
PC: 0x0000005C
IF: 0x14930003
ID: SW
EX: SW fwd_EX-DM_rs_$29
DM: ADDI
WB: XOR


cycle 93
PC: 0x00000060
IF: 0x00051082
ID: BNE
EX: SW fwd_DM-WB_rs_$29
DM: SW
WB: ADDI


cycle 94
$29: 0x000003C4
PC: 0x00000064
IF: 0x23BD0008
ID: SRL
EX: BNE
DM: SW
WB: SW


cycle 95
PC: 0x00000068
IF: 0x03E00008
ID: ADDI
EX: SRL
DM: BNE
WB: SW


cycle 96
PC: 0x0000006C
IF: 0x2084FFFF to_be_flushed
ID: JR
EX: ADDI
DM: SRL
WB: BNE


cycle 97
PC: 0x00000074
IF: 0x8FA40000
ID: NOP
EX: JR
DM: ADDI
WB: SRL


cycle 98
$02: 0x3FFFFFE4
PC: 0x00000078
IF: 0x8FBF0004
ID: LW
EX: NOP
DM: JR
WB: ADDI


cycle 99
$29: 0x000003CC
PC: 0x0000007C
IF: 0x23BD0008
ID: LW
EX: LW
DM: NOP
WB: JR


cycle 100
PC: 0x00000080
IF: 0x03E00008
ID: ADDI
EX: LW
DM: LW
WB: NOP


cycle 101
PC: 0x00000084
IF: 0x8C000802 to_be_flushed
ID: JR fwd_EX-DM_rs_$31
EX: ADDI
DM: LW
WB: LW


cycle 102
$04: 0x00000003
PC: 0x000003D0
IF: 0x00000000
ID: NOP
EX: JR
DM: ADDI
WB: LW


cycle 103
PC: 0x000003D4
IF: 0x00000000
ID: NOP
EX: NOP
DM: JR
WB: ADDI


cycle 104
$29: 0x000003D4
PC: 0x000003D8
IF: 0x00000000
ID: NOP
EX: NOP
DM: NOP
WB: JR


cycle 105
PC: 0x000003DC
IF: 0x00000000
ID: NOP
EX: NOP
DM: NOP
WB: NOP


cycle 106
PC: 0x000003E0
IF: 0x00000000
ID: NOP
EX: NOP
DM: NOP
WB: NOP


cycle 107
PC: 0x000003E4
IF: 0x00000000
ID: NOP
EX: NOP
DM: NOP
WB: NOP


cycle 108
PC: 0x000003E8
IF: 0x00000000
ID: NOP
EX: NOP
DM: NOP
WB: NOP


cycle 109
PC: 0x000003EC
IF: 0x00000000
ID: NOP
EX: NOP
DM: NOP
WB: NOP


cycle 110
PC: 0x000003F0
IF: 0x00000000
ID: NOP
EX: NOP
DM: NOP
WB: NOP


cycle 111
PC: 0x000003F4
IF: 0x00000000
ID: NOP
EX: NOP
DM: NOP
WB: NOP


cycle 112
PC: 0x000003F8
IF: 0x00000000
ID: NOP
EX: NOP
DM: NOP
WB: NOP


cycle 113
PC: 0x000003FC
IF: 0x00000000
ID: NOP
EX: NOP
DM: NOP
WB: NOP


cycle 114
PC: 0x00000400
IF: 0x00000000
ID: NOP
EX: NOP
DM: NOP
WB: NOP


cycle 115
PC: 0x00000404
IF: 0x00000000
ID: NOP
EX: NOP
DM: NOP
WB: NOP


cycle 116
PC: 0x00000408
IF: 0x00000000
ID: NOP
EX: NOP
DM: NOP
WB: NOP


cycle 117
PC: 0x0000040C
IF: 0x00000000
ID: NOP
EX: NOP
DM: NOP
WB: NOP


cycle 118
PC: 0x00000410
IF: 0x00000000
ID: NOP
EX: NOP
DM: NOP
WB: NOP


cycle 119
PC: 0x00000414
IF: 0x00000000
ID: NOP
EX: NOP
DM: NOP
WB: NOP


cycle 120
PC: 0x00000418
IF: 0x00000000
ID: NOP
EX: NOP
DM: NOP
WB: NOP


cycle 121
PC: 0x0000041C
IF: 0x00000000
ID: NOP
EX: NOP
DM: NOP
WB: NOP


cycle 122
PC: 0x00000420
IF: 0x00000000
ID: NOP
EX: NOP
DM: NOP
WB: NOP


cycle 123
PC: 0x00000424
IF: 0x00000000
ID: NOP
EX: NOP
DM: NOP
WB: NOP


cycle 124
PC: 0x00000428
IF: 0x00000000
ID: NOP
EX: NOP
DM: NOP
WB: NOP


cycle 125
PC: 0x0000042C
IF: 0x00000000
ID: NOP
EX: NOP
DM: NOP
WB: NOP


cycle 126
PC: 0x00000430
IF: 0x00000000
ID: NOP
EX: NOP
DM: NOP
WB: NOP


cycle 127
PC: 0x00000434
IF: 0x00000000
ID: NOP
EX: NOP
DM: NOP
WB: NOP


cycle 128
PC: 0x00000438
IF: 0x00000000
ID: NOP
EX: NOP
DM: NOP
WB: NOP


cycle 129
PC: 0x0000043C
IF: 0x00000000
ID: NOP
EX: NOP
DM: NOP
WB: NOP


cycle 130
PC: 0x00000440
IF: 0x00000000
ID: NOP
EX: NOP
DM: NOP
WB: NOP


cycle 131
PC: 0x00000444
IF: 0x00000000
ID: NOP
EX: NOP
DM: NOP
WB: NOP


cycle 132
PC: 0x00000448
IF: 0x00000000
ID: NOP
EX: NOP
DM: NOP
WB: NOP


cycle 133
PC: 0x0000044C
IF: 0x00000001
ID: NOP
EX: NOP
DM: NOP
WB: NOP


cycle 134
PC: 0x00000450
IF: 0x00000004
ID: NOP
EX: NOP
DM: NOP
WB: NOP


cycle 135
PC: 0x00000454
IF: 0x00000001
ID: NOP
EX: NOP
DM: NOP
WB: NOP


cycle 136
PC: 0x00000458
IF: 0x00000000
ID: NOP
EX: NOP
DM: NOP
WB: NOP


cycle 137
PC: 0x0000045C
IF: 0x00000000
ID: NOP
EX: NOP
DM: NOP
WB: NOP


cycle 138
PC: 0x00000460
IF: 0x00000000
ID: NOP
EX: NOP
DM: NOP
WB: NOP


cycle 139
PC: 0x00000464
IF: 0x00000008
ID: NOP
EX: NOP
DM: NOP
WB: NOP


cycle 140
PC: 0x00000468
IF: 0x00000074 to_be_flushed
ID: JR
EX: NOP
DM: NOP
WB: NOP


cycle 141
PC: 0x00000000
IF: 0x23BDFFFC
ID: NOP
EX: JR
DM: NOP
WB: NOP


cycle 142
PC: 0x00000004
IF: 0xAFBF0000
ID: ADDI
EX: NOP
DM: JR
WB: NOP


cycle 143
PC: 0x00000008
IF: 0x22100080
ID: SW
EX: ADDI
DM: NOP
WB: JR


cycle 144
PC: 0x0000000C
IF: 0x84110000
ID: ADDI
EX: SW fwd_EX-DM_rs_$29
DM: ADDI
WB: NOP


cycle 145
PC: 0x00000010
IF: 0x02000020
ID: LH
EX: ADDI
DM: SW
WB: ADDI


cycle 146
$29: 0x000003D0
PC: 0x00000014
IF: 0x02202820
ID: ADD
EX: LH
DM: ADDI
WB: SW


cycle 147
PC: 0x00000018
IF: 0x0211902A
ID: ADD
EX: ADD fwd_DM-WB_rs_$16
DM: LH
WB: ADDI


cycle 148
$16: 0x00000100
PC: 0x0000001C
IF: 0x16400006
ID: SLT
EX: ADD fwd_DM-WB_rs_$17
DM: ADD
WB: LH


cycle 149
PC: 0x00000020
IF: 0x02302822 to_be_stalled
ID: BNE to_be_stalled
EX: SLT
DM: ADD
WB: ADD


cycle 150
PC: 0x00000020
IF: 0x02302822
ID: BNE fwd_EX-DM_rs_$18
EX: NOP
DM: SLT
WB: ADD


